  pch.cpp
  Building.cpp
D:\GitHub\Gonquered\Building.cpp(60,12): warning C4456: declaration of 'i' hides previous local declaration
  (compiling source file '/Building.cpp')
      D:\GitHub\Gonquered\Building.cpp(59,6):
      see declaration of 'i'
  
D:\GitHub\Gonquered\Building.cpp(59,6): warning C4189: 'i': local variable is initialized but not referenced
  (compiling source file '/Building.cpp')
  
D:\GitHub\Gonquered\Building.cpp(84,59): warning C4267: 'argument': conversion from 'size_t' to 'int', possible loss of data
  (compiling source file '/Building.cpp')
  
D:\GitHub\Gonquered\Building.cpp(171,30): warning C4244: 'return': conversion from 'int' to 'float', possible loss of data
  (compiling source file '/Building.cpp')
  
  Corpse.cpp
D:\GitHub\Gonquered\Corpse.cpp(32,102): warning C4244: 'argument': conversion from 'float' to 'int', possible loss of data
  (compiling source file '/Corpse.cpp')
  
D:\GitHub\Gonquered\Corpse.cpp(33,111): warning C4244: 'argument': conversion from 'float' to 'int', possible loss of data
  (compiling source file '/Corpse.cpp')
  
  GameMath.cpp
  GameState.cpp
  Ghost.cpp
  Gonk.cpp
D:\GitHub\Gonquered\Gonk.cpp(44,7): warning C4189: 'id': local variable is initialized but not referenced
  (compiling source file '/Gonk.cpp')
  
  LilCreatures.cpp
  Map.cpp
  Missile.cpp
D:\GitHub\Gonquered\Missile.cpp(67,29): warning C4244: 'return': conversion from 'int' to 'float', possible loss of data
  (compiling source file '/Missile.cpp')
  
  Order.cpp
  Player.cpp
D:\GitHub\Gonquered\Player.cpp(182,56): warning C4267: 'argument': conversion from 'size_t' to 'int', possible loss of data
  (compiling source file '/Player.cpp')
  
  Selection.cpp
D:\GitHub\Gonquered\Selection.cpp(78,19): warning C4267: 'initializing': conversion from 'size_t' to 'int', possible loss of data
  (compiling source file '/Selection.cpp')
  
  Tower.cpp
  Winner.cpp
  Generating Code...
  MainGame.cpp
  XInputControls.cpp
  Generating Code...
  Gonquered.vcxproj -> D:\GitHub\Gonquered\x64\Debug\Gonquered.exe
